2021-08-19 12:11:10 6712 [Note] Plugin 'FEDERATED' is disabled.
2021-08-19 12:11:10 6712 [Note] InnoDB: The InnoDB memory heap is disabled
2021-08-19 12:11:11 6712 [Note] InnoDB: Mutexes and rw_locks use Windows interlocked functions
2021-08-19 12:11:11 6712 [Note] InnoDB: Compressed tables use zlib 1.2.3
2021-08-19 12:11:11 6712 [Note] InnoDB: Not using CPU crc32 instructions
2021-08-19 12:11:11 6712 [Note] InnoDB: Initializing buffer pool, size = 128.0M
2021-08-19 12:11:11 6712 [Note] InnoDB: Completed initialization of buffer pool
2021-08-19 12:11:11 6712 [Note] InnoDB: Setting log file C:\Users\User\Desktop\usb web server\mysql\data\ib_logfile101 size to 5 MB
2021-08-19 12:11:11 6712 [Note] InnoDB: Setting log file C:\Users\User\Desktop\usb web server\mysql\data\ib_logfile1 size to 5 MB
2021-08-19 12:11:12 6712 [Note] InnoDB: Renaming log file C:\Users\User\Desktop\usb web server\mysql\data\ib_logfile101 to C:\Users\User\Desktop\usb web server\mysql\data\ib_logfile0
2021-08-19 12:11:12 6712 [Warning] InnoDB: New log files created, LSN=1626134
2021-08-19 12:11:12 6712 [Note] InnoDB: Highest supported file format is Barracuda.
2021-08-19 12:11:13 6712 [Note] InnoDB: 128 rollback segment(s) are active.
2021-08-19 12:11:13 6712 [Note] InnoDB: Waiting for purge to start
2021-08-19 12:11:13 6712 [Note] InnoDB: Waiting for purge to start
2021-08-19 12:11:13 6712 [Note] InnoDB: 5.6.13 started; log sequence number 1626636
2021-08-19 12:11:13 6712 [Warning] No existing UUID has been found, so we assume that this is the first time that this server has been started. Generating a new UUID: c8aaeb8a-00d5-11ec-b84c-5c93a2ca9c20.
2021-08-19 12:11:13 6712 [Note] Server hostname (bind-address): '*'; port: 3307
2021-08-19 12:11:13 6712 [Note] IPv6 is available.
2021-08-19 12:11:13 6712 [Note]   - '::' resolves to '::';
2021-08-19 12:11:13 6712 [Note] Server socket created on IP: '::'.
2021-08-19 21:04:08 7856 [Note] Plugin 'FEDERATED' is disabled.
2021-08-19 21:04:08 7856 [Note] InnoDB: The InnoDB memory heap is disabled
2021-08-19 21:04:08 7856 [Note] InnoDB: Mutexes and rw_locks use Windows interlocked functions
2021-08-19 21:04:08 7856 [Note] InnoDB: Compressed tables use zlib 1.2.3
2021-08-19 21:04:08 7856 [Note] InnoDB: Not using CPU crc32 instructions
2021-08-19 21:04:08 7856 [Note] InnoDB: Initializing buffer pool, size = 128.0M
2021-08-19 21:04:08 7856 [Note] InnoDB: Completed initialization of buffer pool
2021-08-19 21:04:08 7856 [Note] InnoDB: Highest supported file format is Barracuda.
2021-08-19 21:04:08 7856 [Note] InnoDB: The log sequence numbers 1626134 and 1626134 in ibdata files do not match the log sequence number 1626646 in the ib_logfiles!
2021-08-19 21:04:08 7856 [Note] InnoDB: Database was not shutdown normally!
2021-08-19 21:04:08 7856 [Note] InnoDB: Starting crash recovery.
2021-08-19 21:04:08 7856 [Note] InnoDB: Reading tablespace information from the .ibd files...
2021-08-19 21:04:08 7856 [Note] InnoDB: Restoring possible half-written data pages 
2021-08-19 21:04:08 7856 [Note] InnoDB: from the doublewrite buffer...
2021-08-19 21:04:10 7856 [Note] InnoDB: 128 rollback segment(s) are active.
2021-08-19 21:04:10 7856 [Note] InnoDB: Waiting for purge to start
2021-08-19 21:04:10 7856 [Note] InnoDB: 5.6.13 started; log sequence number 1626646
2021-08-19 21:04:10 7856 [Note] Server hostname (bind-address): '*'; port: 3307
2021-08-19 21:04:10 7856 [Note] IPv6 is available.
2021-08-19 21:04:10 7856 [Note]   - '::' resolves to '::';
2021-08-19 21:04:10 7856 [Note] Server socket created on IP: '::'.
